<?xml version="1.0" encoding="UTF-8"?>
<!-- Generated by org.testng.reporters.JUnitReportReporter -->
<testsuite hostname="SS-430G3ProBook" failures="0" tests="5" name="Demo.Demo_1" time="0.044" errors="0" timestamp="2025-03-24T13:09:37 IST" skipped="0">
  <testcase classname="Demo.Demo_1" name="Homepage2" time="0.007"/>
  <testcase classname="Demo.Demo_1" name="Homepage2" time="0.024"/>
  <testcase classname="Demo.Demo_1" name="Homepage2" time="0.008"/>
  <testcase classname="Demo.Demo_1" name="Homepage" time="0.003"/>
  <testcase classname="Demo.Demo_1" name="Homepage" time="0.002"/>
</testsuite> <!-- Demo.Demo_1 -->
